<?xml version="1.0" encoding="UTF-8"?>
<!-- Generated by org.testng.reporters.JUnitReportReporter -->
<testsuite hostname="dac46" failures="0" tests="1" name="first_test_project.TestCheckFlipkart" time="40.880" errors="0" timestamp="2024-01-13T14:35:04 IST" skipped="0">
  <testcase classname="first_test_project.TestCheckFlipkart" name="testInputSearch" time="40.880"/>
  <system-out/>
</testsuite> <!-- first_test_project.TestCheckFlipkart -->
