<?xml version="1.0" encoding="UTF-8"?>
<!-- Generated by org.testng.reporters.JUnitReportReporter -->
<testsuite hostname="dac46" failures="0" tests="1" name="first_test_project.TestCheckYelp" time="51.480" errors="0" timestamp="2024-01-15T18:17:08 IST" skipped="0">
  <testcase classname="first_test_project.TestCheckYelp" name="testInputSearch" time="51.480"/>
  <system-out/>
</testsuite> <!-- first_test_project.TestCheckYelp -->
