<?xml version="1.0" encoding="UTF-8"?>
<!-- Generated by org.testng.reporters.JUnitReportReporter -->
<testsuite hostname="dac46" failures="0" tests="1" name="first_test_project.LaunchBrowser" time="15.995" errors="0" timestamp="2024-01-12T11:59:39 IST" skipped="0">
  <testcase classname="first_test_project.LaunchBrowser" name="launchChrome" time="15.995"/>
  <system-out/>
</testsuite> <!-- first_test_project.LaunchBrowser -->
