<?xml version="1.0" encoding="UTF-8"?>
<!-- Generated by org.testng.reporters.JUnitReportReporter -->
<testsuite hostname="dac46" failures="0" tests="1" name="first_test_project.TestCheckYelp" time="53.515" errors="0" timestamp="2024-01-15T18:47:31 IST" skipped="0">
  <testcase classname="first_test_project.TestCheckYelp" name="testInputSearch" time="53.515"/>
</testsuite> <!-- first_test_project.TestCheckYelp -->
